0 verbose cli /home/mate0s/.nvm/versions/node/v24.12.0/bin/node /home/mate0s/.nvm/versions/node/v24.12.0/lib/node_modules/npm/bin/npm-cli.js
1 info using npm@11.7.0
2 info using node@v24.12.0
3 silly config load:file:/home/mate0s/.nvm/versions/node/v24.12.0/lib/node_modules/npm/npmrc
4 silly config load:file:/home/mate0s/Documentos/NeumorStudio/ValenBimbatti/.npmrc
5 silly config load:file:/home/mate0s/.npmrc
6 silly config load:file:/home/mate0s/.nvm/versions/node/v24.12.0/etc/npmrc
7 verbose title npm exec playwright-cli open https://booksy.com/es-es/137546_makeup-by-valenbimbatti_maquillaje_29971_sevilla
8 verbose argv "exec" "--yes" "--package" "@playwright/cli" "--" "playwright-cli" "open" "https://booksy.com/es-es/137546_makeup-by-valenbimbatti_maquillaje_29971_sevilla"
9 verbose logfile logs-max:10 dir:/home/mate0s/Documentos/NeumorStudio/ValenBimbatti/.npm-cache/_logs/2026-02-17T12_32_32_762Z-
10 verbose logfile /home/mate0s/Documentos/NeumorStudio/ValenBimbatti/.npm-cache/_logs/2026-02-17T12_32_32_762Z-debug-0.log
11 silly logfile done cleaning log files
12 silly packumentCache heap:4496293888 maxSize:1124073472 maxEntrySize:562036736
13 http fetch GET 200 https://registry.npmjs.org/@playwright%2fcli 116ms (cache revalidated)
14 silly packumentCache heap:4496293888 maxSize:1124073472 maxEntrySize:562036736
15 verbose cwd /home/mate0s/Documentos/NeumorStudio/ValenBimbatti
16 verbose os Linux 6.17.0-14-generic
17 verbose node v24.12.0
18 verbose npm  v11.7.0
19 verbose exit 1
20 verbose code 1
