0 verbose cli /home/mate0s/.nvm/versions/node/v24.12.0/bin/node /home/mate0s/.nvm/versions/node/v24.12.0/bin/npm
1 info using npm@11.7.0
2 info using node@v24.12.0
3 silly config load:file:/home/mate0s/.nvm/versions/node/v24.12.0/lib/node_modules/npm/npmrc
4 silly config load:file:/home/mate0s/Documentos/NeumorStudio/ValenBimbatti/.npmrc
5 silly config load:file:/home/mate0s/.npmrc
6 silly config load:file:/home/mate0s/.nvm/versions/node/v24.12.0/etc/npmrc
7 verbose title npm exec lighthouse http://127.0.0.1:3000 --quiet --chrome-flags=--headless=new --no-sandbox --disable-dev-shm-usage --only-categories=performance --preset=perf --form-factor=mobile --throttling.cpuSlowdownMultiplier=4 --screenEmulation.mobile=true --screenEmulation.width=390 --screenEmulation.height=844 --screenEmulation.deviceScaleFactor=2 --output=json --output-path=/tmp/lh-home-mobile-final2.json
8 verbose argv "exec" "--" "lighthouse" "http://127.0.0.1:3000" "--quiet" "--chrome-flags=--headless=new --no-sandbox --disable-dev-shm-usage" "--only-categories=performance" "--preset=perf" "--form-factor=mobile" "--throttling.cpuSlowdownMultiplier=4" "--screenEmulation.mobile=true" "--screenEmulation.width=390" "--screenEmulation.height=844" "--screenEmulation.deviceScaleFactor=2" "--output=json" "--output-path=/tmp/lh-home-mobile-final2.json"
9 verbose logfile logs-max:10 dir:/home/mate0s/Documentos/NeumorStudio/ValenBimbatti/.npm-cache/_logs/2026-02-17T03_52_39_679Z-
10 verbose logfile /home/mate0s/Documentos/NeumorStudio/ValenBimbatti/.npm-cache/_logs/2026-02-17T03_52_39_679Z-debug-0.log
11 silly logfile done cleaning log files
12 silly packumentCache heap:4496293888 maxSize:1124073472 maxEntrySize:562036736
13 http fetch GET 200 https://registry.npmjs.org/lighthouse 233ms (cache revalidated)
14 silly packumentCache heap:4496293888 maxSize:1124073472 maxEntrySize:562036736
15 silly packumentCache heap:4496293888 maxSize:1124073472 maxEntrySize:562036736
16 verbose cwd /home/mate0s/Documentos/NeumorStudio/ValenBimbatti
17 verbose os Linux 6.17.0-14-generic
18 verbose node v24.12.0
19 verbose npm  v11.7.0
20 verbose exit 0
21 info ok
